<?xml version="1.0" encoding="UTF-8" ?>
<testsuite tests="27" failures="0" name="com.sg.superherosightings.test.dao.SuperheroSightingsDaoTest" time="4.526" errors="0" skipped="0">
  <properties>
    <property name="java.runtime.name" value="Java(TM) SE Runtime Environment"/>
    <property name="sun.boot.library.path" value="/Library/Java/JavaVirtualMachines/jdk1.8.0_171.jdk/Contents/Home/jre/lib"/>
    <property name="java.vm.version" value="25.171-b11"/>
    <property name="gopherProxySet" value="false"/>
    <property name="java.vm.vendor" value="Oracle Corporation"/>
    <property name="maven.multiModuleProjectDirectory" value="/Users/timpinkerton/Desktop/SG/bitbucket/tim-pinkerton-individual-work/SuperheroSightings"/>
    <property name="java.vendor.url" value="http://java.oracle.com/"/>
    <property name="path.separator" value=":"/>
    <property name="guice.disable.misplaced.annotation.check" value="true"/>
    <property name="java.vm.name" value="Java HotSpot(TM) 64-Bit Server VM"/>
    <property name="file.encoding.pkg" value="sun.io"/>
    <property name="user.country" value="US"/>
    <property name="sun.java.launcher" value="SUN_STANDARD"/>
    <property name="sun.os.patch.level" value="unknown"/>
    <property name="java.vm.specification.name" value="Java Virtual Machine Specification"/>
    <property name="user.dir" value="/Users/timpinkerton/Desktop/SG/bitbucket/tim-pinkerton-individual-work/SuperheroSightings"/>
    <property name="java.runtime.version" value="1.8.0_171-b11"/>
    <property name="java.awt.graphicsenv" value="sun.awt.CGraphicsEnvironment"/>
    <property name="java.endorsed.dirs" value="/Library/Java/JavaVirtualMachines/jdk1.8.0_171.jdk/Contents/Home/jre/lib/endorsed"/>
    <property name="os.arch" value="x86_64"/>
    <property name="java.io.tmpdir" value="/var/folders/tt/hddncfxd7y1cmwsnjm5bjtbh0000gn/T/"/>
    <property name="line.separator" value="
"/>
    <property name="java.vm.specification.vendor" value="Oracle Corporation"/>
    <property name="os.name" value="Mac OS X"/>
    <property name="maven.ext.class.path" value="/Applications/NetBeans/NetBeans 8.2.app/Contents/Resources/NetBeans/java/maven-nblib/netbeans-eventspy.jar"/>
    <property name="classworlds.conf" value="/usr/local/apache-maven-3.3.1/bin/m2.conf"/>
    <property name="sun.jnu.encoding" value="UTF-8"/>
    <property name="java.library.path" value="/Users/timpinkerton/Library/Java/Extensions:/Library/Java/Extensions:/Network/Library/Java/Extensions:/System/Library/Java/Extensions:/usr/lib/java:."/>
    <property name="java.specification.name" value="Java Platform API Specification"/>
    <property name="java.class.version" value="52.0"/>
    <property name="sun.management.compiler" value="HotSpot 64-Bit Tiered Compilers"/>
    <property name="os.version" value="10.13.6"/>
    <property name="http.nonProxyHosts" value="local|*.local|169.254/16|*.169.254/16"/>
    <property name="user.home" value="/Users/timpinkerton"/>
    <property name="user.timezone" value="America/New_York"/>
    <property name="java.awt.printerjob" value="sun.lwawt.macosx.CPrinterJob"/>
    <property name="java.specification.version" value="1.8"/>
    <property name="file.encoding" value="UTF-8"/>
    <property name="user.name" value="timpinkerton"/>
    <property name="java.class.path" value="/usr/local/apache-maven-3.3.1/boot/plexus-classworlds-2.5.2.jar"/>
    <property name="java.vm.specification.version" value="1.8"/>
    <property name="sun.arch.data.model" value="64"/>
    <property name="java.home" value="/Library/Java/JavaVirtualMachines/jdk1.8.0_171.jdk/Contents/Home/jre"/>
    <property name="sun.java.command" value="org.codehaus.plexus.classworlds.launcher.Launcher -Dmaven.ext.class.path=/Applications/NetBeans/NetBeans 8.2.app/Contents/Resources/NetBeans/java/maven-nblib/netbeans-eventspy.jar clean install"/>
    <property name="java.specification.vendor" value="Oracle Corporation"/>
    <property name="user.language" value="en"/>
    <property name="awt.toolkit" value="sun.lwawt.macosx.LWCToolkit"/>
    <property name="java.vm.info" value="mixed mode"/>
    <property name="java.version" value="1.8.0_171"/>
    <property name="java.ext.dirs" value="/Users/timpinkerton/Library/Java/Extensions:/Library/Java/JavaVirtualMachines/jdk1.8.0_171.jdk/Contents/Home/jre/lib/ext:/Library/Java/Extensions:/Network/Library/Java/Extensions:/System/Library/Java/Extensions:/usr/lib/java"/>
    <property name="sun.boot.class.path" value="/Library/Java/JavaVirtualMachines/jdk1.8.0_171.jdk/Contents/Home/jre/lib/resources.jar:/Library/Java/JavaVirtualMachines/jdk1.8.0_171.jdk/Contents/Home/jre/lib/rt.jar:/Library/Java/JavaVirtualMachines/jdk1.8.0_171.jdk/Contents/Home/jre/lib/sunrsasign.jar:/Library/Java/JavaVirtualMachines/jdk1.8.0_171.jdk/Contents/Home/jre/lib/jsse.jar:/Library/Java/JavaVirtualMachines/jdk1.8.0_171.jdk/Contents/Home/jre/lib/jce.jar:/Library/Java/JavaVirtualMachines/jdk1.8.0_171.jdk/Contents/Home/jre/lib/charsets.jar:/Library/Java/JavaVirtualMachines/jdk1.8.0_171.jdk/Contents/Home/jre/lib/jfr.jar:/Library/Java/JavaVirtualMachines/jdk1.8.0_171.jdk/Contents/Home/jre/classes"/>
    <property name="java.vendor" value="Oracle Corporation"/>
    <property name="maven.home" value="/usr/local/apache-maven-3.3.1"/>
    <property name="file.separator" value="/"/>
    <property name="java.vendor.url.bug" value="http://bugreport.sun.com/bugreport/"/>
    <property name="sun.cpu.endian" value="little"/>
    <property name="sun.io.unicode.encoding" value="UnicodeBig"/>
    <property name="socksNonProxyHosts" value="local|*.local|169.254/16|*.169.254/16"/>
    <property name="ftp.nonProxyHosts" value="local|*.local|169.254/16|*.169.254/16"/>
    <property name="sun.cpu.isalist" value=""/>
  </properties>
  <testcase classname="com.sg.superherosightings.test.dao.SuperheroSightingsDaoTest" name="testDeleteOrganization" time="1.325"/>
  <testcase classname="com.sg.superherosightings.test.dao.SuperheroSightingsDaoTest" name="testGetAllOrganizations" time="0.133"/>
  <testcase classname="com.sg.superherosightings.test.dao.SuperheroSightingsDaoTest" name="testGetHeroesByLocationId" time="0.198"/>
  <testcase classname="com.sg.superherosightings.test.dao.SuperheroSightingsDaoTest" name="testUpdateOrganization" time="0.143"/>
  <testcase classname="com.sg.superherosightings.test.dao.SuperheroSightingsDaoTest" name="testDeleteLocation" time="0.125"/>
  <testcase classname="com.sg.superherosightings.test.dao.SuperheroSightingsDaoTest" name="testUpdateHero" time="0.091"/>
  <testcase classname="com.sg.superherosightings.test.dao.SuperheroSightingsDaoTest" name="testAddGetLocation" time="0.098"/>
  <testcase classname="com.sg.superherosightings.test.dao.SuperheroSightingsDaoTest" name="testGetLocationsByHeroId" time="0.149"/>
  <testcase classname="com.sg.superherosightings.test.dao.SuperheroSightingsDaoTest" name="testGetAllSightings" time="0.116"/>
  <testcase classname="com.sg.superherosightings.test.dao.SuperheroSightingsDaoTest" name="testGetAllSuperpowers" time="0.137"/>
  <testcase classname="com.sg.superherosightings.test.dao.SuperheroSightingsDaoTest" name="testUpdateSighting" time="0.124"/>
  <testcase classname="com.sg.superherosightings.test.dao.SuperheroSightingsDaoTest" name="testGetSightingsByDate" time="0.149"/>
  <testcase classname="com.sg.superherosightings.test.dao.SuperheroSightingsDaoTest" name="testDeleteSuperpower" time="0.145"/>
  <testcase classname="com.sg.superherosightings.test.dao.SuperheroSightingsDaoTest" name="testGetSightingsByHeroId" time="0.125"/>
  <testcase classname="com.sg.superherosightings.test.dao.SuperheroSightingsDaoTest" name="testGetAllHeroes" time="0.113"/>
  <testcase classname="com.sg.superherosightings.test.dao.SuperheroSightingsDaoTest" name="testUpdateSuperpower" time="0.146"/>
  <testcase classname="com.sg.superherosightings.test.dao.SuperheroSightingsDaoTest" name="testGetHeroesByOrganization" time="0.102"/>
  <testcase classname="com.sg.superherosightings.test.dao.SuperheroSightingsDaoTest" name="testGetOrganizationsByHeroId" time="0.131"/>
  <testcase classname="com.sg.superherosightings.test.dao.SuperheroSightingsDaoTest" name="testAddGetOrganization" time="0.102"/>
  <testcase classname="com.sg.superherosightings.test.dao.SuperheroSightingsDaoTest" name="testGetSightingsByLocationId" time="0.093"/>
  <testcase classname="com.sg.superherosightings.test.dao.SuperheroSightingsDaoTest" name="testDeleteHero" time="0.126"/>
  <testcase classname="com.sg.superherosightings.test.dao.SuperheroSightingsDaoTest" name="testAddGetHero" time="0.124"/>
  <testcase classname="com.sg.superherosightings.test.dao.SuperheroSightingsDaoTest" name="testAddGetSuperpower" time="0.158"/>
  <testcase classname="com.sg.superherosightings.test.dao.SuperheroSightingsDaoTest" name="testDeleteSighting" time="0.091"/>
  <testcase classname="com.sg.superherosightings.test.dao.SuperheroSightingsDaoTest" name="testGetAllLocations" time="0.083"/>
  <testcase classname="com.sg.superherosightings.test.dao.SuperheroSightingsDaoTest" name="testUpdateLocation" time="0.101"/>
  <testcase classname="com.sg.superherosightings.test.dao.SuperheroSightingsDaoTest" name="testAddGetSighting" time="0.098"/>
</testsuite>